<?xml version="1.0" encoding="UTF-8"?>
<testng-results ignored="0" total="1" passed="1" failed="0" skipped="0">
  <reporter-output>
  </reporter-output>
  <suite started-at="2024-01-06T07:58:54 IST" name="MYSuite" finished-at="2024-01-06T07:58:59 IST" duration-ms="5119">
    <groups>
    </groups>
    <test started-at="2024-01-06T07:58:54 IST" name="AAAATest" finished-at="2024-01-06T07:58:59 IST" duration-ms="5119">
      <class name="TestNg.NewTest">
        <test-method is-config="true" signature="StartBrowser()[pri:0, instance:TestNg.NewTest@5ace1ed4]" started-at="2024-01-06T07:58:54 IST" name="StartBrowser" finished-at="2024-01-06T07:58:57 IST" duration-ms="2905" status="PASS">
          <reporter-output>
          </reporter-output>
        </test-method> <!-- StartBrowser -->
        <test-method signature="MyTest()[pri:0, instance:TestNg.NewTest@5ace1ed4]" started-at="2024-01-06T07:58:57 IST" name="MyTest" finished-at="2024-01-06T07:58:58 IST" duration-ms="1526" status="PASS">
          <reporter-output>
          </reporter-output>
        </test-method> <!-- MyTest -->
        <test-method is-config="true" signature="closeBrowser()[pri:0, instance:TestNg.NewTest@5ace1ed4]" started-at="2024-01-06T07:58:58 IST" name="closeBrowser" finished-at="2024-01-06T07:58:59 IST" duration-ms="626" status="PASS">
          <reporter-output>
          </reporter-output>
        </test-method> <!-- closeBrowser -->
      </class> <!-- TestNg.NewTest -->
    </test> <!-- AAAATest -->
  </suite> <!-- MYSuite -->
</testng-results>
