<?xml version="1.0" encoding="UTF-8"?>
<testng-results ignored="0" total="1" passed="1" failed="0" skipped="0">
  <reporter-output>
  </reporter-output>
  <suite started-at="2024-01-05T08:12:49 IST" name="Default suite" finished-at="2024-01-05T08:12:54 IST" duration-ms="5351">
    <groups>
    </groups>
    <test started-at="2024-01-05T08:12:49 IST" name="Default test" finished-at="2024-01-05T08:12:54 IST" duration-ms="5351">
      <class name="TestNg.NewTest">
        <test-method is-config="true" signature="StartBrowser()[pri:0, instance:TestNg.NewTest@51dcb805]" started-at="2024-01-05T08:12:49 IST" name="StartBrowser" finished-at="2024-01-05T08:12:53 IST" duration-ms="3778" status="PASS">
          <reporter-output>
          </reporter-output>
        </test-method> <!-- StartBrowser -->
        <test-method signature="MyTest()[pri:0, instance:TestNg.NewTest@51dcb805]" started-at="2024-01-05T08:12:53 IST" name="MyTest" finished-at="2024-01-05T08:12:54 IST" duration-ms="1184" status="PASS">
          <reporter-output>
          </reporter-output>
        </test-method> <!-- MyTest -->
        <test-method is-config="true" signature="closeBrowser()[pri:0, instance:TestNg.NewTest@51dcb805]" started-at="2024-01-05T08:12:54 IST" name="closeBrowser" finished-at="2024-01-05T08:12:54 IST" duration-ms="328" status="PASS">
          <reporter-output>
          </reporter-output>
        </test-method> <!-- closeBrowser -->
      </class> <!-- TestNg.NewTest -->
    </test> <!-- Default test -->
  </suite> <!-- Default suite -->
</testng-results>
